<?xml version="1.0" encoding="UTF-8"?>
<!-- Generated by org.testng.reporters.JUnitReportReporter -->
<testsuite hostname="Faizan" failures="0" tests="1" name="selenium_task.Screenshot" time="19.185" errors="0" timestamp="2023-04-18T03:54:51 IST" skipped="0">
  <testcase classname="selenium_task.Screenshot" name="takescreenshot" time="19.185"/>
  <system-out/>
</testsuite> <!-- selenium_task.Screenshot -->
